<?xml version="1.0" encoding="UTF-8"?>
<!-- Generated by org.testng.reporters.JUnitReportReporter -->
<testsuite skipped="0" hostname="NII-LT-246" name="com.testcases.LoginTestcase" tests="1" failures="0" timestamp="28 Oct 2020 05:02:06 GMT" time="2.150" errors="0">
  <testcase name="login" time="2.150" classname="com.testcases.LoginTestcase"/>
</testsuite> <!-- com.testcases.LoginTestcase -->
